2016-04-15:19:08:42 Retrieving http://www25.senado.leg.br/web/transparencia/sen/ data: None headers: None post_process? 1 force_encoding: utf-8
2016-04-15:19:08:43 New legislator: Legislator Acir Gurgacz - Pdt/Ro
2016-04-15:19:08:43 Mandate starting on 2015-01-01 did not exist, created.
2016-04-15:19:08:44 New legislator: Legislator Aécio Neves - Psdb/Mg
2016-04-15:19:08:44 Mandate starting on 2015-01-01 did not exist, created.
2016-04-15:19:08:44 New legislator: Legislator Aloysio Nunes Ferreira - Psdb/Sp
2016-04-15:19:08:44 Mandate starting on 2015-01-01 did not exist, created.
2016-04-15:19:08:45 New legislator: Legislator Alvaro Dias - Pv/Pr
2016-04-15:19:08:45 Mandate starting on 2015-01-01 did not exist, created.
2016-04-15:19:08:45 New legislator: Legislator Ana Amélia - Pp/Rs
2016-04-15:19:08:46 Mandate starting on 2015-01-01 did not exist, created.
2016-04-15:19:08:46 New legislator: Legislator Angela Portela - Pt/Rr
2016-04-15:19:08:46 Mandate starting on 2015-01-01 did not exist, created.
2016-04-15:19:08:46 New legislator: Legislator Antonio Anastasia - Psdb/Mg
2016-04-15:19:08:46 Mandate starting on 2015-01-01 did not exist, created.
2016-04-15:19:08:47 New legislator: Legislator Antonio Carlos Valadares - Psb/Se
2016-04-15:19:08:47 Mandate starting on 2015-01-01 did not exist, created.
2016-04-15:19:08:47 New legislator: Legislator Ataídes Oliveira - Psdb/To
2016-04-15:19:08:47 Mandate starting on 2015-01-01 did not exist, created.
2016-04-15:19:08:48 New legislator: Legislator Benedito De Lira - Pp/Al
2016-04-15:19:08:48 Mandate starting on 2015-01-01 did not exist, created.
2016-04-15:19:08:48 New legislator: Legislator Blairo Maggi - Pr/Mt
2016-04-15:19:08:48 Mandate starting on 2015-01-01 did not exist, created.
2016-04-15:19:08:48 New legislator: Legislator Cássio Cunha Lima - Psdb/Pb
2016-04-15:19:08:49 Mandate starting on 2015-01-01 did not exist, created.
2016-04-15:19:08:49 New legislator: Legislator Ciro Nogueira - Pp/Pi
2016-04-15:19:08:49 Mandate starting on 2015-01-01 did not exist, created.
2016-04-15:19:08:49 New legislator: Legislator Cristovam Buarque - Pps/Df
2016-04-15:19:08:50 Mandate starting on 2015-01-01 did not exist, created.
2016-04-15:19:08:50 New legislator: Legislator Dalirio Beber - Psdb/Sc
2016-04-15:19:08:50 Mandate starting on 2015-01-01 did not exist, created.
2016-04-15:19:08:50 New legislator: Legislator Dário Berger - Pmdb/Sc
2016-04-15:19:08:50 Mandate starting on 2015-01-01 did not exist, created.
2016-04-15:19:08:51 New legislator: Legislator Davi Alcolumbre - Dem/Ap
2016-04-15:19:08:51 Mandate starting on 2015-01-01 did not exist, created.
2016-04-15:19:08:51 New legislator: Legislator Delcídio Do Amaral - S/Partido/Ms
2016-04-15:19:08:51 Mandate starting on 2015-01-01 did not exist, created.
2016-04-15:19:08:52 New legislator: Legislator Donizeti Nogueira - Pt/To
2016-04-15:19:08:52 Mandate starting on 2015-01-01 did not exist, created.
2016-04-15:19:08:52 New legislator: Legislator Douglas Cintra - Ptb/Pe
2016-04-15:19:08:52 Mandate starting on 2015-01-01 did not exist, created.
2016-04-15:19:08:53 New legislator: Legislator Edison Lobão - Pmdb/Ma
2016-04-15:19:08:53 Mandate starting on 2015-01-01 did not exist, created.
2016-04-15:19:08:53 New legislator: Legislator Eduardo Amorim - Psc/Se
2016-04-15:19:08:53 Mandate starting on 2015-01-01 did not exist, created.
2016-04-15:19:08:54 New legislator: Legislator Elmano Férrer - Ptb/Pi
2016-04-15:19:08:54 Mandate starting on 2015-01-01 did not exist, created.
2016-04-15:19:08:54 New legislator: Legislator Eunício Oliveira - Pmdb/Ce
2016-04-15:19:08:54 Mandate starting on 2015-01-01 did not exist, created.
2016-04-15:19:08:54 New legislator: Legislator Fátima Bezerra - Pt/Rn
2016-04-15:19:08:55 Mandate starting on 2015-01-01 did not exist, created.
2016-04-15:19:08:55 New legislator: Legislator Fernando Bezerra Coelho - Psb/Pe
2016-04-15:19:08:55 Mandate starting on 2015-01-01 did not exist, created.
2016-04-15:19:08:55 New legislator: Legislator Fernando Collor - Ptc/Al
2016-04-15:19:08:55 Mandate starting on 2015-01-01 did not exist, created.
2016-04-15:19:08:56 New legislator: Legislator Flexa Ribeiro - Psdb/Pa
2016-04-15:19:08:56 Mandate starting on 2015-01-01 did not exist, created.
2016-04-15:19:08:56 New legislator: Legislator Garibaldi Alves Filho - Pmdb/Rn
2016-04-15:19:08:56 Mandate starting on 2015-01-01 did not exist, created.
2016-04-15:19:08:57 New legislator: Legislator Gladson Cameli - Pp/Ac
2016-04-15:19:08:57 Mandate starting on 2015-01-01 did not exist, created.
2016-04-15:19:08:57 New legislator: Legislator Gleisi Hoffmann - Pt/Pr
2016-04-15:19:08:57 Mandate starting on 2015-01-01 did not exist, created.
2016-04-15:19:08:57 New legislator: Legislator Hélio José - Pmdb/Df
2016-04-15:19:08:58 Mandate starting on 2015-01-01 did not exist, created.
2016-04-15:19:08:58 New legislator: Legislator Humberto Costa - Pt/Pe
2016-04-15:19:08:58 Mandate starting on 2015-01-01 did not exist, created.
2016-04-15:19:08:58 New legislator: Legislator Ivo Cassol - Pp/Ro
2016-04-15:19:08:58 Mandate starting on 2015-01-01 did not exist, created.
2016-04-15:19:08:59 New legislator: Legislator Jader Barbalho - Pmdb/Pa
2016-04-15:19:08:59 Mandate starting on 2015-01-01 did not exist, created.
2016-04-15:19:08:59 New legislator: Legislator João Alberto Souza - Pmdb/Ma
2016-04-15:19:08:59 Mandate starting on 2015-01-01 did not exist, created.
2016-04-15:19:09:00 New legislator: Legislator João Capiberibe - Psb/Ap
2016-04-15:19:09:00 Mandate starting on 2015-01-01 did not exist, created.
2016-04-15:19:09:00 New legislator: Legislator Jorge Viana - Pt/Ac
2016-04-15:19:09:00 Mandate starting on 2015-01-01 did not exist, created.
2016-04-15:19:09:01 New legislator: Legislator José Agripino - Dem/Rn
2016-04-15:19:09:01 Mandate starting on 2015-01-01 did not exist, created.
2016-04-15:19:09:02 New legislator: Legislator José Maranhão - Pmdb/Pb
2016-04-15:19:09:02 Mandate starting on 2015-01-01 did not exist, created.
2016-04-15:19:09:02 New legislator: Legislator José Medeiros - Psd/Mt
2016-04-15:19:09:02 Mandate starting on 2015-01-01 did not exist, created.
2016-04-15:19:09:03 New legislator: Legislator José Pimentel - Pt/Ce
2016-04-15:19:09:03 Mandate starting on 2015-01-01 did not exist, created.
2016-04-15:19:09:03 New legislator: Legislator José Serra - Psdb/Sp
2016-04-15:19:09:03 Mandate starting on 2015-01-01 did not exist, created.
2016-04-15:19:09:04 New legislator: Legislator Lasier Martins - Pdt/Rs
2016-04-15:19:09:04 Mandate starting on 2015-01-01 did not exist, created.
2016-04-15:19:09:04 New legislator: Legislator Lídice Da Mata - Psb/Ba
2016-04-15:19:09:04 Mandate starting on 2015-01-01 did not exist, created.
2016-04-15:19:09:05 New legislator: Legislator Lindbergh Farias - Pt/Rj
2016-04-15:19:09:05 Mandate starting on 2015-01-01 did not exist, created.
2016-04-15:19:09:05 New legislator: Legislator Lúcia Vânia - Psb/Go
2016-04-15:19:09:05 Mandate starting on 2015-01-01 did not exist, created.
2016-04-15:19:09:06 New legislator: Legislator Magno Malta - Pr/Es
2016-04-15:19:09:06 Mandate starting on 2015-01-01 did not exist, created.
2016-04-15:19:09:06 New legislator: Legislator Marcelo Crivella - Prb/Rj
2016-04-15:19:09:06 Mandate starting on 2015-01-01 did not exist, created.
2016-04-15:19:09:07 New legislator: Legislator Marta Suplicy - Pmdb/Sp
2016-04-15:19:09:07 Mandate starting on 2015-01-01 did not exist, created.
2016-04-15:19:09:07 New legislator: Legislator Omar Aziz - Psd/Am
2016-04-15:19:09:07 Mandate starting on 2015-01-01 did not exist, created.
2016-04-15:19:09:07 New legislator: Legislator Otto Alencar - Psd/Ba
2016-04-15:19:09:08 Mandate starting on 2015-01-01 did not exist, created.
2016-04-15:19:09:08 New legislator: Legislator Paulo Bauer - Psdb/Sc
2016-04-15:19:09:08 Mandate starting on 2015-01-01 did not exist, created.
2016-04-15:19:09:08 New legislator: Legislator Paulo Paim - Pt/Rs
2016-04-15:19:09:09 Mandate starting on 2015-01-01 did not exist, created.
2016-04-15:19:09:09 New legislator: Legislator Paulo Rocha - Pt/Pa
2016-04-15:19:09:09 Mandate starting on 2015-01-01 did not exist, created.
2016-04-15:19:09:09 New legislator: Legislator Raimundo Lira - Pmdb/Pb
2016-04-15:19:09:10 Mandate starting on 2015-01-01 did not exist, created.
2016-04-15:19:09:10 New legislator: Legislator Randolfe Rodrigues - Rede/Ap
2016-04-15:19:09:10 Mandate starting on 2015-01-01 did not exist, created.
2016-04-15:19:09:10 New legislator: Legislator Regina Sousa - Pt/Pi
2016-04-15:19:09:11 Mandate starting on 2015-01-01 did not exist, created.
2016-04-15:19:09:11 New legislator: Legislator Reguffe - S/Partido/Df
2016-04-15:19:09:11 Mandate starting on 2015-01-01 did not exist, created.
2016-04-15:19:09:11 New legislator: Legislator Renan Calheiros - Pmdb/Al
2016-04-15:19:09:12 Mandate starting on 2015-01-01 did not exist, created.
2016-04-15:19:09:12 New legislator: Legislator Ricardo Ferraço - Psdb/Es
2016-04-15:19:09:12 Mandate starting on 2015-01-01 did not exist, created.
2016-04-15:19:09:12 New legislator: Legislator Ricardo Franco - Dem/Se
2016-04-15:19:09:13 Mandate starting on 2015-01-01 did not exist, created.
2016-04-15:19:09:13 New legislator: Legislator Roberto Requião - Pmdb/Pr
2016-04-15:19:09:13 Mandate starting on 2015-01-01 did not exist, created.
2016-04-15:19:09:13 New legislator: Legislator Roberto Rocha - Psb/Ma
2016-04-15:19:09:14 Mandate starting on 2015-01-01 did not exist, created.
2016-04-15:19:09:14 New legislator: Legislator Romário - Psb/Rj
2016-04-15:19:09:14 Mandate starting on 2015-01-01 did not exist, created.
2016-04-15:19:09:14 New legislator: Legislator Romero Jucá - Pmdb/Rr
2016-04-15:19:09:15 Mandate starting on 2015-01-01 did not exist, created.
2016-04-15:19:09:15 New legislator: Legislator Ronaldo Caiado - Dem/Go
2016-04-15:19:09:15 Mandate starting on 2015-01-01 did not exist, created.
2016-04-15:19:09:16 New legislator: Legislator Rose De Freitas - Pmdb/Es
2016-04-15:19:09:16 Mandate starting on 2015-01-01 did not exist, created.
2016-04-15:19:09:16 New legislator: Legislator Sandra Braga - Pmdb/Am
2016-04-15:19:09:21 Retrieving http://www25.senado.leg.br/web/transparencia/sen/ data: None headers: None post_process? 1 force_encoding: utf-8
2016-04-15:19:09:21 Found existing legislator: Legislator Acir Gurgacz - Pdt/Ro
2016-04-15:19:09:21 Found existing legislator: Legislator Aécio Neves - Psdb/Mg
2016-04-15:19:09:21 Found existing legislator: Legislator Aloysio Nunes Ferreira - Psdb/Sp
2016-04-15:19:09:21 Found existing legislator: Legislator Alvaro Dias - Pv/Pr
2016-04-15:19:09:21 Found existing legislator: Legislator Ana Amélia - Pp/Rs
2016-04-15:19:09:21 Found existing legislator: Legislator Angela Portela - Pt/Rr
2016-04-15:19:09:21 Found existing legislator: Legislator Antonio Anastasia - Psdb/Mg
2016-04-15:19:09:21 Found existing legislator: Legislator Antonio Carlos Valadares - Psb/Se
2016-04-15:19:09:21 Found existing legislator: Legislator Ataídes Oliveira - Psdb/To
2016-04-15:19:09:21 Found existing legislator: Legislator Benedito De Lira - Pp/Al
2016-04-15:19:09:21 Found existing legislator: Legislator Blairo Maggi - Pr/Mt
2016-04-15:19:09:21 Found existing legislator: Legislator Cássio Cunha Lima - Psdb/Pb
2016-04-15:19:09:21 Found existing legislator: Legislator Ciro Nogueira - Pp/Pi
2016-04-15:19:09:21 Found existing legislator: Legislator Cristovam Buarque - Pps/Df
2016-04-15:19:09:21 Found existing legislator: Legislator Dalirio Beber - Psdb/Sc
2016-04-15:19:09:21 Found existing legislator: Legislator Dário Berger - Pmdb/Sc
2016-04-15:19:09:21 Found existing legislator: Legislator Davi Alcolumbre - Dem/Ap
2016-04-15:19:09:21 Found existing legislator: Legislator Delcídio Do Amaral - S/Partido/Ms
2016-04-15:19:09:21 Found existing legislator: Legislator Donizeti Nogueira - Pt/To
2016-04-15:19:09:21 Found existing legislator: Legislator Douglas Cintra - Ptb/Pe
2016-04-15:19:09:21 Found existing legislator: Legislator Edison Lobão - Pmdb/Ma
2016-04-15:19:09:21 Found existing legislator: Legislator Eduardo Amorim - Psc/Se
2016-04-15:19:09:21 Found existing legislator: Legislator Elmano Férrer - Ptb/Pi
2016-04-15:19:09:21 Found existing legislator: Legislator Eunício Oliveira - Pmdb/Ce
2016-04-15:19:09:21 Found existing legislator: Legislator Fátima Bezerra - Pt/Rn
2016-04-15:19:09:21 Found existing legislator: Legislator Fernando Bezerra Coelho - Psb/Pe
2016-04-15:19:09:21 Found existing legislator: Legislator Fernando Collor - Ptc/Al
2016-04-15:19:09:21 Found existing legislator: Legislator Flexa Ribeiro - Psdb/Pa
2016-04-15:19:09:21 Found existing legislator: Legislator Garibaldi Alves Filho - Pmdb/Rn
2016-04-15:19:09:21 Found existing legislator: Legislator Gladson Cameli - Pp/Ac
2016-04-15:19:09:21 Found existing legislator: Legislator Gleisi Hoffmann - Pt/Pr
2016-04-15:19:09:21 Found existing legislator: Legislator Hélio José - Pmdb/Df
2016-04-15:19:09:21 Found existing legislator: Legislator Humberto Costa - Pt/Pe
2016-04-15:19:09:21 Found existing legislator: Legislator Ivo Cassol - Pp/Ro
2016-04-15:19:09:21 Found existing legislator: Legislator Jader Barbalho - Pmdb/Pa
2016-04-15:19:09:21 Found existing legislator: Legislator João Alberto Souza - Pmdb/Ma
2016-04-15:19:09:21 Found existing legislator: Legislator João Capiberibe - Psb/Ap
2016-04-15:19:09:21 Found existing legislator: Legislator Jorge Viana - Pt/Ac
2016-04-15:19:09:21 Found existing legislator: Legislator José Agripino - Dem/Rn
2016-04-15:19:09:21 Found existing legislator: Legislator José Maranhão - Pmdb/Pb
2016-04-15:19:09:21 Found existing legislator: Legislator José Medeiros - Psd/Mt
2016-04-15:19:09:21 Found existing legislator: Legislator José Pimentel - Pt/Ce
2016-04-15:19:09:21 Found existing legislator: Legislator José Serra - Psdb/Sp
2016-04-15:19:09:21 Found existing legislator: Legislator Lasier Martins - Pdt/Rs
2016-04-15:19:09:21 Found existing legislator: Legislator Lídice Da Mata - Psb/Ba
2016-04-15:19:09:21 Found existing legislator: Legislator Lindbergh Farias - Pt/Rj
2016-04-15:19:09:21 Found existing legislator: Legislator Lúcia Vânia - Psb/Go
2016-04-15:19:09:21 Found existing legislator: Legislator Magno Malta - Pr/Es
2016-04-15:19:09:21 Found existing legislator: Legislator Marcelo Crivella - Prb/Rj
2016-04-15:19:09:21 Found existing legislator: Legislator Marta Suplicy - Pmdb/Sp
2016-04-15:19:09:21 Found existing legislator: Legislator Omar Aziz - Psd/Am
2016-04-15:19:09:21 Found existing legislator: Legislator Otto Alencar - Psd/Ba
2016-04-15:19:09:21 Found existing legislator: Legislator Paulo Bauer - Psdb/Sc
2016-04-15:19:09:21 Found existing legislator: Legislator Paulo Paim - Pt/Rs
2016-04-15:19:09:21 Found existing legislator: Legislator Paulo Rocha - Pt/Pa
2016-04-15:19:09:21 Found existing legislator: Legislator Raimundo Lira - Pmdb/Pb
2016-04-15:19:09:21 Found existing legislator: Legislator Randolfe Rodrigues - Rede/Ap
2016-04-15:19:09:21 Found existing legislator: Legislator Regina Sousa - Pt/Pi
2016-04-15:19:09:21 Found existing legislator: Legislator Reguffe - S/Partido/Df
2016-04-15:19:09:21 Found existing legislator: Legislator Renan Calheiros - Pmdb/Al
2016-04-15:19:09:21 Found existing legislator: Legislator Ricardo Ferraço - Psdb/Es
2016-04-15:19:09:21 Found existing legislator: Legislator Ricardo Franco - Dem/Se
2016-04-15:19:09:21 Found existing legislator: Legislator Roberto Requião - Pmdb/Pr
2016-04-15:19:09:21 Found existing legislator: Legislator Roberto Rocha - Psb/Ma
2016-04-15:19:09:21 Found existing legislator: Legislator Romário - Psb/Rj
2016-04-15:19:09:21 Found existing legislator: Legislator Romero Jucá - Pmdb/Rr
2016-04-15:19:09:21 Found existing legislator: Legislator Ronaldo Caiado - Dem/Go
2016-04-15:19:09:21 Found existing legislator: Legislator Rose De Freitas - Pmdb/Es
2016-04-15:19:09:21 Found existing legislator: Legislator Sandra Braga - Pmdb/Am
2016-04-15:19:09:22 New legislator: Legislator Sérgio Petecão - Psd/Ac
2016-04-15:19:09:22 Mandate starting on 2015-01-01 did not exist, created.
2016-04-15:19:09:23 New legislator: Legislator Simone Tebet - Pmdb/Ms
2016-04-15:19:09:23 Mandate starting on 2015-01-01 did not exist, created.
2016-04-15:19:09:23 New legislator: Legislator Tasso Jereissati - Psdb/Ce
2016-04-15:19:09:23 Mandate starting on 2015-01-01 did not exist, created.
2016-04-15:19:09:24 New legislator: Legislator Telmário Mota - Pdt/Rr
2016-04-15:19:09:24 Mandate starting on 2015-01-01 did not exist, created.
2016-04-15:19:09:24 New legislator: Legislator Valdir Raupp - Pmdb/Ro
2016-04-15:19:09:25 Mandate starting on 2015-01-01 did not exist, created.
2016-04-15:19:09:25 New legislator: Legislator Vanessa Grazziotin - Pcdob/Am
2016-04-15:19:09:25 Mandate starting on 2015-01-01 did not exist, created.
2016-04-15:19:09:26 New legislator: Legislator Vicentinho Alves - Pr/To
2016-04-15:19:09:26 Mandate starting on 2015-01-01 did not exist, created.
2016-04-15:19:09:26 New legislator: Legislator Waldemir Moka - Pmdb/Ms
2016-04-15:19:09:27 Mandate starting on 2015-01-01 did not exist, created.
2016-04-15:19:09:27 New legislator: Legislator Walter Pinheiro - S/Partido/Ba
2016-04-15:19:09:27 Mandate starting on 2015-01-01 did not exist, created.
2016-04-15:19:09:28 New legislator: Legislator Wellington Fagundes - Pr/Mt
2016-04-15:19:09:28 Mandate starting on 2015-01-01 did not exist, created.
2016-04-15:19:09:28 New legislator: Legislator Wilder Morais - Pp/Go
2016-04-15:19:09:29 Mandate starting on 2015-01-01 did not exist, created.
2016-04-15:19:09:29 New legislator: Legislator Zeze Perrella - Ptb/Mg
2016-04-15:19:09:29 Mandate starting on 2015-01-01 did not exist, created.
2016-04-15:19:09:30 Updating data for year 2015
2016-04-15:19:09:30 Downloading http://www.senado.gov.br/transparencia/LAI/verba/2015.csv
2016-04-15:19:09:30 Retrieving http://www.senado.gov.br/transparencia/LAI/verba/2015.csv data: None headers: None post_process? 0 force_encoding: windows-1252
2016-04-17:13:17:48 Retrieving http://www25.senado.leg.br/web/transparencia/sen/ data: None headers: None post_process? 1 force_encoding: utf-8
2016-04-17:13:17:49 Found existing legislator: Legislator Acir Gurgacz - Pdt/Ro
2016-04-17:13:17:49 Found existing legislator: Legislator Aécio Neves - Psdb/Mg
2016-04-17:13:17:49 Found existing legislator: Legislator Aloysio Nunes Ferreira - Psdb/Sp
2016-04-17:13:17:49 Found existing legislator: Legislator Alvaro Dias - Pv/Pr
2016-04-17:13:17:49 Found existing legislator: Legislator Ana Amélia - Pp/Rs
2016-04-17:13:17:49 Found existing legislator: Legislator Angela Portela - Pt/Rr
2016-04-17:13:17:49 Found existing legislator: Legislator Antonio Anastasia - Psdb/Mg
2016-04-17:13:17:49 Found existing legislator: Legislator Antonio Carlos Valadares - Psb/Se
2016-04-17:13:17:49 Found existing legislator: Legislator Ataídes Oliveira - Psdb/To
2016-04-17:13:17:49 Found existing legislator: Legislator Benedito De Lira - Pp/Al
2016-04-17:13:17:49 Found existing legislator: Legislator Blairo Maggi - Pr/Mt
2016-04-17:13:17:49 Found existing legislator: Legislator Cássio Cunha Lima - Psdb/Pb
2016-04-17:13:17:49 Found existing legislator: Legislator Ciro Nogueira - Pp/Pi
2016-04-17:13:17:49 Found existing legislator: Legislator Cristovam Buarque - Pps/Df
2016-04-17:13:17:49 Found existing legislator: Legislator Dalirio Beber - Psdb/Sc
2016-04-17:13:17:49 Found existing legislator: Legislator Dário Berger - Pmdb/Sc
2016-04-17:13:17:49 Found existing legislator: Legislator Davi Alcolumbre - Dem/Ap
2016-04-17:13:17:49 Found existing legislator: Legislator Delcídio Do Amaral - S/Partido/Ms
2016-04-17:13:17:49 Found existing legislator: Legislator Donizeti Nogueira - Pt/To
2016-04-17:13:17:49 Found existing legislator: Legislator Douglas Cintra - Ptb/Pe
2016-04-17:13:17:49 Found existing legislator: Legislator Edison Lobão - Pmdb/Ma
2016-04-17:13:17:49 Found existing legislator: Legislator Eduardo Amorim - Psc/Se
2016-04-17:13:17:49 Found existing legislator: Legislator Elmano Férrer - Ptb/Pi
2016-04-17:13:17:49 Found existing legislator: Legislator Eunício Oliveira - Pmdb/Ce
2016-04-17:13:17:49 Found existing legislator: Legislator Fátima Bezerra - Pt/Rn
2016-04-17:13:17:49 Found existing legislator: Legislator Fernando Bezerra Coelho - Psb/Pe
2016-04-17:13:17:49 Found existing legislator: Legislator Fernando Collor - Ptc/Al
2016-04-17:13:17:49 Found existing legislator: Legislator Flexa Ribeiro - Psdb/Pa
2016-04-17:13:17:49 Found existing legislator: Legislator Garibaldi Alves Filho - Pmdb/Rn
2016-04-17:13:17:49 Found existing legislator: Legislator Gladson Cameli - Pp/Ac
2016-04-17:13:17:49 Found existing legislator: Legislator Gleisi Hoffmann - Pt/Pr
2016-04-17:13:17:49 Found existing legislator: Legislator Hélio José - Pmdb/Df
2016-04-17:13:17:49 Found existing legislator: Legislator Humberto Costa - Pt/Pe
2016-04-17:13:17:49 Found existing legislator: Legislator Ivo Cassol - Pp/Ro
2016-04-17:13:17:49 Found existing legislator: Legislator Jader Barbalho - Pmdb/Pa
2016-04-17:13:17:49 Found existing legislator: Legislator João Alberto Souza - Pmdb/Ma
2016-04-17:13:17:49 Found existing legislator: Legislator João Capiberibe - Psb/Ap
2016-04-17:13:17:49 Found existing legislator: Legislator Jorge Viana - Pt/Ac
2016-04-17:13:17:49 Found existing legislator: Legislator José Agripino - Dem/Rn
2016-04-17:13:17:49 Found existing legislator: Legislator José Maranhão - Pmdb/Pb
2016-04-17:13:17:49 Found existing legislator: Legislator José Medeiros - Psd/Mt
2016-04-17:13:17:49 Found existing legislator: Legislator José Pimentel - Pt/Ce
2016-04-17:13:17:49 Found existing legislator: Legislator José Serra - Psdb/Sp
2016-04-17:13:17:49 Found existing legislator: Legislator Lasier Martins - Pdt/Rs
2016-04-17:13:17:49 Found existing legislator: Legislator Lídice Da Mata - Psb/Ba
2016-04-17:13:17:49 Found existing legislator: Legislator Lindbergh Farias - Pt/Rj
2016-04-17:13:17:49 Found existing legislator: Legislator Lúcia Vânia - Psb/Go
2016-04-17:13:17:49 Found existing legislator: Legislator Magno Malta - Pr/Es
2016-04-17:13:17:49 Found existing legislator: Legislator Marcelo Crivella - Prb/Rj
2016-04-17:13:17:49 Found existing legislator: Legislator Marta Suplicy - Pmdb/Sp
2016-04-17:13:17:49 Found existing legislator: Legislator Omar Aziz - Psd/Am
2016-04-17:13:17:49 Found existing legislator: Legislator Otto Alencar - Psd/Ba
2016-04-17:13:17:49 Found existing legislator: Legislator Paulo Bauer - Psdb/Sc
2016-04-17:13:17:49 Found existing legislator: Legislator Paulo Paim - Pt/Rs
2016-04-17:13:17:49 Found existing legislator: Legislator Paulo Rocha - Pt/Pa
2016-04-17:13:17:49 Found existing legislator: Legislator Raimundo Lira - Pmdb/Pb
2016-04-17:13:17:49 Found existing legislator: Legislator Randolfe Rodrigues - Rede/Ap
2016-04-17:13:17:49 Found existing legislator: Legislator Regina Sousa - Pt/Pi
2016-04-17:13:17:49 Found existing legislator: Legislator Reguffe - S/Partido/Df
2016-04-17:13:17:49 Found existing legislator: Legislator Renan Calheiros - Pmdb/Al
2016-04-17:13:17:49 Found existing legislator: Legislator Ricardo Ferraço - Psdb/Es
2016-04-17:13:17:49 Found existing legislator: Legislator Ricardo Franco - Dem/Se
2016-04-17:13:17:49 Found existing legislator: Legislator Roberto Requião - Pmdb/Pr
2016-04-17:13:17:49 Found existing legislator: Legislator Roberto Rocha - Psb/Ma
2016-04-17:13:17:49 Found existing legislator: Legislator Romário - Psb/Rj
2016-04-17:13:17:49 Found existing legislator: Legislator Romero Jucá - Pmdb/Rr
2016-04-17:13:17:49 Found existing legislator: Legislator Ronaldo Caiado - Dem/Go
2016-04-17:13:17:49 Found existing legislator: Legislator Rose De Freitas - Pmdb/Es
2016-04-17:13:17:49 Found existing legislator: Legislator Sandra Braga - Pmdb/Am
2016-04-17:13:17:49 Found existing legislator: Legislator Sérgio Petecão - Psd/Ac
2016-04-17:13:17:49 Found existing legislator: Legislator Simone Tebet - Pmdb/Ms
2016-04-17:13:17:49 Found existing legislator: Legislator Tasso Jereissati - Psdb/Ce
2016-04-17:13:17:49 Found existing legislator: Legislator Telmário Mota - Pdt/Rr
2016-04-17:13:17:49 Found existing legislator: Legislator Valdir Raupp - Pmdb/Ro
2016-04-17:13:17:49 Found existing legislator: Legislator Vanessa Grazziotin - Pcdob/Am
2016-04-17:13:17:49 Found existing legislator: Legislator Vicentinho Alves - Pr/To
2016-04-17:13:17:49 Found existing legislator: Legislator Waldemir Moka - Pmdb/Ms
2016-04-17:13:17:49 Found existing legislator: Legislator Walter Pinheiro - S/Partido/Ba
2016-04-17:13:17:49 Found existing legislator: Legislator Wellington Fagundes - Pr/Mt
2016-04-17:13:17:49 Found existing legislator: Legislator Wilder Morais - Pp/Go
2016-04-17:13:17:49 Found existing legislator: Legislator Zeze Perrella - Ptb/Mg
2016-04-17:13:17:49 Updating data for year 2015
2016-04-17:13:17:49 Downloading http://www.senado.gov.br/transparencia/LAI/verba/2015.csv
2016-04-17:13:17:49 Retrieving http://www.senado.gov.br/transparencia/LAI/verba/2015.csv data: None headers: None post_process? 0 force_encoding: windows-1252
2016-04-17:13:22:47 Retrieving http://www25.senado.leg.br/web/transparencia/sen/ data: None headers: None post_process? 1 force_encoding: utf-8
2016-04-17:13:22:54 Found existing legislator: Legislator Acir Gurgacz - Pdt/Ro
2016-04-17:13:22:54 Found existing legislator: Legislator Aécio Neves - Psdb/Mg
2016-04-17:13:22:54 Found existing legislator: Legislator Aloysio Nunes Ferreira - Psdb/Sp
2016-04-17:13:22:54 Found existing legislator: Legislator Alvaro Dias - Pv/Pr
2016-04-17:13:22:54 Found existing legislator: Legislator Ana Amélia - Pp/Rs
2016-04-17:13:22:54 Found existing legislator: Legislator Angela Portela - Pt/Rr
2016-04-17:13:22:54 Found existing legislator: Legislator Antonio Anastasia - Psdb/Mg
2016-04-17:13:22:54 Found existing legislator: Legislator Antonio Carlos Valadares - Psb/Se
2016-04-17:13:22:54 Found existing legislator: Legislator Ataídes Oliveira - Psdb/To
2016-04-17:13:22:54 Found existing legislator: Legislator Benedito De Lira - Pp/Al
2016-04-17:13:22:54 Found existing legislator: Legislator Blairo Maggi - Pr/Mt
2016-04-17:13:22:54 Found existing legislator: Legislator Cássio Cunha Lima - Psdb/Pb
2016-04-17:13:22:54 Found existing legislator: Legislator Ciro Nogueira - Pp/Pi
2016-04-17:13:22:54 Found existing legislator: Legislator Cristovam Buarque - Pps/Df
2016-04-17:13:22:54 Found existing legislator: Legislator Dalirio Beber - Psdb/Sc
2016-04-17:13:22:54 Found existing legislator: Legislator Dário Berger - Pmdb/Sc
2016-04-17:13:22:54 Found existing legislator: Legislator Davi Alcolumbre - Dem/Ap
2016-04-17:13:22:54 Found existing legislator: Legislator Delcídio Do Amaral - S/Partido/Ms
2016-04-17:13:22:54 Found existing legislator: Legislator Donizeti Nogueira - Pt/To
2016-04-17:13:22:54 Found existing legislator: Legislator Douglas Cintra - Ptb/Pe
2016-04-17:13:22:54 Found existing legislator: Legislator Edison Lobão - Pmdb/Ma
2016-04-17:13:22:54 Found existing legislator: Legislator Eduardo Amorim - Psc/Se
2016-04-17:13:22:54 Found existing legislator: Legislator Elmano Férrer - Ptb/Pi
2016-04-17:13:22:54 Found existing legislator: Legislator Eunício Oliveira - Pmdb/Ce
2016-04-17:13:22:54 Found existing legislator: Legislator Fátima Bezerra - Pt/Rn
2016-04-17:13:22:54 Found existing legislator: Legislator Fernando Bezerra Coelho - Psb/Pe
2016-04-17:13:22:54 Found existing legislator: Legislator Fernando Collor - Ptc/Al
2016-04-17:13:22:54 Found existing legislator: Legislator Flexa Ribeiro - Psdb/Pa
2016-04-17:13:22:54 Found existing legislator: Legislator Garibaldi Alves Filho - Pmdb/Rn
2016-04-17:13:22:54 Found existing legislator: Legislator Gladson Cameli - Pp/Ac
2016-04-17:13:22:54 Found existing legislator: Legislator Gleisi Hoffmann - Pt/Pr
2016-04-17:13:22:54 Found existing legislator: Legislator Hélio José - Pmdb/Df
2016-04-17:13:22:54 Found existing legislator: Legislator Humberto Costa - Pt/Pe
2016-04-17:13:22:54 Found existing legislator: Legislator Ivo Cassol - Pp/Ro
2016-04-17:13:22:54 Found existing legislator: Legislator Jader Barbalho - Pmdb/Pa
2016-04-17:13:22:54 Found existing legislator: Legislator João Alberto Souza - Pmdb/Ma
2016-04-17:13:22:54 Found existing legislator: Legislator João Capiberibe - Psb/Ap
2016-04-17:13:22:54 Found existing legislator: Legislator Jorge Viana - Pt/Ac
2016-04-17:13:22:54 Found existing legislator: Legislator José Agripino - Dem/Rn
2016-04-17:13:22:54 Found existing legislator: Legislator José Maranhão - Pmdb/Pb
2016-04-17:13:22:54 Found existing legislator: Legislator José Medeiros - Psd/Mt
2016-04-17:13:22:54 Found existing legislator: Legislator José Pimentel - Pt/Ce
2016-04-17:13:22:54 Found existing legislator: Legislator José Serra - Psdb/Sp
2016-04-17:13:22:54 Found existing legislator: Legislator Lasier Martins - Pdt/Rs
2016-04-17:13:22:54 Found existing legislator: Legislator Lídice Da Mata - Psb/Ba
2016-04-17:13:22:54 Found existing legislator: Legislator Lindbergh Farias - Pt/Rj
2016-04-17:13:22:54 Found existing legislator: Legislator Lúcia Vânia - Psb/Go
2016-04-17:13:22:54 Found existing legislator: Legislator Magno Malta - Pr/Es
2016-04-17:13:22:54 Found existing legislator: Legislator Marcelo Crivella - Prb/Rj
2016-04-17:13:22:54 Found existing legislator: Legislator Marta Suplicy - Pmdb/Sp
2016-04-17:13:22:54 Found existing legislator: Legislator Omar Aziz - Psd/Am
2016-04-17:13:22:54 Found existing legislator: Legislator Otto Alencar - Psd/Ba
2016-04-17:13:22:54 Found existing legislator: Legislator Paulo Bauer - Psdb/Sc
2016-04-17:13:22:54 Found existing legislator: Legislator Paulo Paim - Pt/Rs
2016-04-17:13:22:54 Found existing legislator: Legislator Paulo Rocha - Pt/Pa
2016-04-17:13:22:54 Found existing legislator: Legislator Raimundo Lira - Pmdb/Pb
2016-04-17:13:22:54 Found existing legislator: Legislator Randolfe Rodrigues - Rede/Ap
2016-04-17:13:22:54 Found existing legislator: Legislator Regina Sousa - Pt/Pi
2016-04-17:13:22:54 Found existing legislator: Legislator Reguffe - S/Partido/Df
2016-04-17:13:22:54 Found existing legislator: Legislator Renan Calheiros - Pmdb/Al
2016-04-17:13:22:54 Found existing legislator: Legislator Ricardo Ferraço - Psdb/Es
2016-04-17:13:22:54 Found existing legislator: Legislator Ricardo Franco - Dem/Se
2016-04-17:13:22:54 Found existing legislator: Legislator Roberto Requião - Pmdb/Pr
2016-04-17:13:22:54 Found existing legislator: Legislator Roberto Rocha - Psb/Ma
2016-04-17:13:22:54 Found existing legislator: Legislator Romário - Psb/Rj
2016-04-17:13:22:54 Found existing legislator: Legislator Romero Jucá - Pmdb/Rr
2016-04-17:13:22:54 Found existing legislator: Legislator Ronaldo Caiado - Dem/Go
2016-04-17:13:22:54 Found existing legislator: Legislator Rose De Freitas - Pmdb/Es
2016-04-17:13:22:54 Found existing legislator: Legislator Sandra Braga - Pmdb/Am
2016-04-17:13:22:54 Found existing legislator: Legislator Sérgio Petecão - Psd/Ac
2016-04-17:13:22:54 Found existing legislator: Legislator Simone Tebet - Pmdb/Ms
2016-04-17:13:22:54 Found existing legislator: Legislator Tasso Jereissati - Psdb/Ce
2016-04-17:13:22:54 Found existing legislator: Legislator Telmário Mota - Pdt/Rr
2016-04-17:13:22:54 Found existing legislator: Legislator Valdir Raupp - Pmdb/Ro
2016-04-17:13:22:54 Found existing legislator: Legislator Vanessa Grazziotin - Pcdob/Am
2016-04-17:13:22:54 Found existing legislator: Legislator Vicentinho Alves - Pr/To
2016-04-17:13:22:54 Found existing legislator: Legislator Waldemir Moka - Pmdb/Ms
2016-04-17:13:22:54 Found existing legislator: Legislator Walter Pinheiro - S/Partido/Ba
2016-04-17:13:22:54 Found existing legislator: Legislator Wellington Fagundes - Pr/Mt
2016-04-17:13:22:54 Found existing legislator: Legislator Wilder Morais - Pp/Go
2016-04-17:13:22:54 Found existing legislator: Legislator Zeze Perrella - Ptb/Mg
2016-04-17:13:22:54 Collection run for 2016-04-17 already exists for legislature Senado's legislature starting at 2015-01-01, ending at 2018-12-31, clearing.
2016-04-17:13:22:54 Updating data for year 2015
2016-04-17:13:22:54 Downloading http://www.senado.gov.br/transparencia/LAI/verba/2015.csv
2016-04-17:13:22:54 Retrieving http://www.senado.gov.br/transparencia/LAI/verba/2015.csv data: None headers: None post_process? 0 force_encoding: windows-1252
